[2023-10-21 21:18:15]=============================
[2023-10-21 21:18:15]=======Inicia Servidor======= 
[2023-10-21 21:18:15]=============================
[2023-10-21 21:18:15]Socket creado. Puerto de escucha:5000 
[2023-10-21 21:18:21] Inicio de Sesión - Usuario: juan
[2023-10-21 21:18:28] Cerrando sesión para usuario: juan
[2023-10-21 21:18:50]=============================
[2023-10-21 21:18:50]=======Inicia Servidor======= 
[2023-10-21 21:18:50]=============================
[2023-10-21 21:18:50]Socket creado. Puerto de escucha:5000 
[2023-10-21 21:18:58] Inicio de Sesión - Usuario: admin
[2023-10-21 21:19:03] Cerrando sesión para usuario: admin
[2023-10-21 21:19:19]=============================
[2023-10-21 21:19:19]=======Inicia Servidor======= 
[2023-10-21 21:19:19]=============================
[2023-10-21 21:19:19]Socket creado. Puerto de escucha:5000 
[2023-10-21 21:19:26] Inicio de Sesion - Usuario: admin
[2023-10-21 21:20:46]=============================
[2023-10-21 21:20:46]=======Inicia Servidor======= 
[2023-10-21 21:20:46]=============================
[2023-10-21 21:20:46]Socket creado. Puerto de escucha:5000 
[2023-10-21 21:20:52] Inicio de Sesion - Usuario: admin
[2023-10-21 21:22:19]=============================
[2023-10-21 21:22:19]=======Inicia Servidor======= 
[2023-10-21 21:22:19]=============================
[2023-10-21 21:22:19]Socket creado. Puerto de escucha:5000 
[2023-10-21 21:22:27] Inicio de Sesion - Usuario: admin
[2023-10-21 21:23:23]=============================
[2023-10-21 21:23:23]=======Inicia Servidor======= 
[2023-10-21 21:23:23]=============================
[2023-10-21 21:23:23]Socket creado. Puerto de escucha:5000 
[2023-10-21 21:23:28] Inicio de Sesion - Usuario: admin
[2023-10-21 21:24:18]=============================
[2023-10-21 21:24:18]=======Inicia Servidor======= 
[2023-10-21 21:24:18]=============================
[2023-10-21 21:24:18]Socket creado. Puerto de escucha:5000 
[2023-10-21 21:24:25] Inicio de Sesion - Usuario: admin
[2023-10-21 21:25:30]=============================
[2023-10-21 21:25:30]=======Inicia Servidor======= 
[2023-10-21 21:25:30]=============================
[2023-10-21 21:25:30]Socket creado. Puerto de escucha:5000 
[2023-10-21 21:25:34] Inicio de Sesión - Usuario: carlos
[2023-10-21 21:26:42]=============================
[2023-10-21 21:26:42]=======Inicia Servidor======= 
[2023-10-21 21:26:42]=============================
[2023-10-21 21:26:42]Socket creado. Puerto de escucha:5000 
[2023-10-21 21:26:53] Inicio de Sesión - Usuario: carlos
[2023-10-21 21:26:56] Cerrando sesión para usuario: carlos
[2023-10-21 21:27:04]=============================
[2023-10-21 21:27:04]=======Inicia Servidor======= 
[2023-10-21 21:27:04]=============================
[2023-10-21 21:27:04]Socket creado. Puerto de escucha:5000 
[2023-10-21 21:27:12] Inicio de Sesión - Usuario: carlos
[2023-10-21 21:27:17] Cerrando sesión para usuario: carlos
[2023-10-21 21:27:24]=============================
[2023-10-21 21:27:24]=======Inicia Servidor======= 
[2023-10-21 21:27:24]=============================
[2023-10-21 21:27:24]Socket creado. Puerto de escucha:5000 
[2023-10-21 21:27:55]=============================
[2023-10-21 21:27:55]=======Inicia Servidor======= 
[2023-10-21 21:27:55]=============================
[2023-10-21 21:27:55]Socket creado. Puerto de escucha:5000 
[2023-10-21 21:28:03] Inicio de Sesion - Usuario: admin
[2023-10-21 21:29:06]=============================
[2023-10-21 21:29:06]=======Inicia Servidor======= 
[2023-10-21 21:29:06]=============================
[2023-10-21 21:29:06]Socket creado. Puerto de escucha:5000 
[2023-10-21 21:29:14] Inicio de Sesion - Usuario: admin
[2023-10-21 21:30:11]=============================
[2023-10-21 21:30:11]=======Inicia Servidor======= 
[2023-10-21 21:30:11]=============================
[2023-10-21 21:30:11]Socket creado. Puerto de escucha:5000 
[2023-10-21 21:30:16] Inicio de Sesion - Usuario: admin
[2023-10-21 21:30:57] Cerrando sesion para usuario: admin
[2023-10-21 21:31:05]=============================
[2023-10-21 21:31:05]=======Inicia Servidor======= 
[2023-10-21 21:31:05]=============================
[2023-10-21 21:31:05]Socket creado. Puerto de escucha:5000 
[2023-10-21 21:31:35]=============================
[2023-10-21 21:31:35]=======Inicia Servidor======= 
[2023-10-21 21:31:35]=============================
[2023-10-21 21:31:35]Socket creado. Puerto de escucha:5000 
[2023-10-21 21:31:40] Inicio de Sesión - Usuario: romina
[2023-10-21 21:32:28]=============================
[2023-10-21 21:32:28]=======Inicia Servidor======= 
[2023-10-21 21:32:28]=============================
[2023-10-21 21:32:28]Socket creado. Puerto de escucha:5000 
[2023-10-21 21:32:58] Inicio de Sesión - Usuario: roberto
[2023-10-21 21:33:01] Cerrando sesión para usuario: roberto
[2023-10-21 21:33:09]=============================
[2023-10-21 21:33:09]=======Inicia Servidor======= 
[2023-10-21 21:33:09]=============================
[2023-10-21 21:33:09]Socket creado. Puerto de escucha:5000 
[2023-10-21 21:33:14] Inicio de Sesión - Usuario: roberto
[2023-10-21 21:33:17] Cerrando sesión para usuario: roberto
[2023-10-21 21:33:28]=============================
[2023-10-21 21:33:28]=======Inicia Servidor======= 
[2023-10-21 21:33:28]=============================
[2023-10-21 21:33:28]Socket creado. Puerto de escucha:5000 
[2023-10-21 21:33:59]=============================
[2023-10-21 21:33:59]=======Inicia Servidor======= 
[2023-10-21 21:33:59]=============================
[2023-10-21 21:33:59]Socket creado. Puerto de escucha:5000 
[2023-10-21 21:34:05] Inicio de Sesion - Usuario: admin
[2023-10-21 21:35:02]=============================
[2023-10-21 21:35:02]=======Inicia Servidor======= 
[2023-10-21 21:35:02]=============================
[2023-10-21 21:35:02]Socket creado. Puerto de escucha:5000 
[2023-10-21 21:35:08] Inicio de Sesion - Usuario: admin
[2023-10-21 21:36:04]=============================
[2023-10-21 21:36:04]=======Inicia Servidor======= 
[2023-10-21 21:36:04]=============================
[2023-10-21 21:36:04]Socket creado. Puerto de escucha:5000 
[2023-10-21 21:36:10] Inicio de Sesion - Usuario: admin
[2023-10-21 21:37:02]=============================
[2023-10-21 21:37:02]=======Inicia Servidor======= 
[2023-10-21 21:37:02]=============================
[2023-10-21 21:37:02]Socket creado. Puerto de escucha:5000 
[2023-10-21 21:37:08] Inicio de Sesion - Usuario: admin
[2023-10-21 21:37:48] Cerrando sesion para usuario: admin
[2023-10-21 21:38:07]=============================
[2023-10-21 21:38:07]=======Inicia Servidor======= 
[2023-10-21 21:38:07]=============================
[2023-10-21 21:38:07]Socket creado. Puerto de escucha:5000 
[2023-10-21 21:38:14] Inicio de Sesion - Usuario: admin
[2023-10-21 21:38:37] Cerrando sesion para usuario: admin
[2023-10-21 21:38:48]=============================
[2023-10-21 21:38:48]=======Inicia Servidor======= 
[2023-10-21 21:38:48]=============================
[2023-10-21 21:38:48]Socket creado. Puerto de escucha:5000 
[2023-10-21 21:39:36]=============================
[2023-10-21 21:39:36]=======Inicia Servidor======= 
[2023-10-21 21:39:36]=============================
[2023-10-21 21:39:36]Socket creado. Puerto de escucha:5000 
[2023-10-21 21:39:46] Inicio de Sesión - Usuario: roberto
[2023-10-21 21:39:56] Cerrando sesión para usuario: roberto
[2023-10-21 21:40:07]=============================
[2023-10-21 21:40:07]=======Inicia Servidor======= 
[2023-10-21 21:40:07]=============================
[2023-10-21 21:40:07]Socket creado. Puerto de escucha:5000 
[2023-10-21 21:40:19] Inicio de Sesión - Usuario: roberto
[2023-10-21 21:40:23] Cerrando sesión para usuario: roberto
[2023-10-21 21:40:36]=============================
[2023-10-21 21:40:36]=======Inicia Servidor======= 
[2023-10-21 21:40:36]=============================
[2023-10-21 21:40:36]Socket creado. Puerto de escucha:5000 
[2023-10-21 21:40:44] Inicio de Sesion - Usuario: admin
